[2019-02-01 14:59:47] console.ERROR: Error thrown while running command ""c:c" --e=dev". Message: "The "--e" option does not exist." {"exception":"[object] (Symfony\\Component\\Console\\Exception\\RuntimeException(code: 0): The \"--e\" option does not exist. at C:\\wamp64\\www\\SpaProject\\vendor\\symfony\\console\\Input\\ArgvInput.php:218)","command":"\"c:c\" --e=dev","message":"The \"--e\" option does not exist."} []
[2019-02-01 14:59:47] console.DEBUG: Command ""c:c" --e=dev" exited with code "1" {"command":"\"c:c\" --e=dev","code":1} []
[2019-02-01 15:00:47] request.INFO: Matched route "contact". {"route":"contact","route_parameters":{"_route":"contact","_controller":"App\\Controller\\ContactController::contact"},"request_uri":"http://localhost:8000/contact","method":"GET"} []
[2019-02-01 15:00:47] security.DEBUG: Read existing security token from the session. {"key":"_security_main","token_class":"Symfony\\Component\\Security\\Core\\Authentication\\Token\\UsernamePasswordToken"} []
[2019-02-01 15:00:47] security.DEBUG: User was reloaded from a user provider. {"provider":"Symfony\\Bridge\\Doctrine\\Security\\User\\EntityUserProvider","username":"nox"} []
[2019-02-01 15:00:48] security.DEBUG: Stored the security token in the session. {"key":"_security_main"} []
[2019-02-01 15:00:48] php.CRITICAL: Uncaught Exception: The oauth authentication mode is not supported {"exception":"[object] (InvalidArgumentException(code: 0): The oauth authentication mode is not supported at C:\\wamp64\\www\\SpaProject\\vendor\\symfony\\swiftmailer-bundle\\DependencyInjection\\SwiftmailerTransportFactory.php:154)"} []
[2019-02-01 15:00:48] request.CRITICAL: Uncaught PHP Exception InvalidArgumentException: "The oauth authentication mode is not supported" at C:\wamp64\www\SpaProject\vendor\symfony\swiftmailer-bundle\DependencyInjection\SwiftmailerTransportFactory.php line 154 {"exception":"[object] (InvalidArgumentException(code: 0): The oauth authentication mode is not supported at C:\\wamp64\\www\\SpaProject\\vendor\\symfony\\swiftmailer-bundle\\DependencyInjection\\SwiftmailerTransportFactory.php:154)"} []
[2019-02-01 15:01:10] request.INFO: Matched route "contact". {"route":"contact","route_parameters":{"_route":"contact","_controller":"App\\Controller\\ContactController::contact"},"request_uri":"http://localhost:8000/contact","method":"POST"} []
[2019-02-01 15:01:10] security.DEBUG: Read existing security token from the session. {"key":"_security_main","token_class":"Symfony\\Component\\Security\\Core\\Authentication\\Token\\UsernamePasswordToken"} []
[2019-02-01 15:01:10] security.DEBUG: User was reloaded from a user provider. {"provider":"Symfony\\Bridge\\Doctrine\\Security\\User\\EntityUserProvider","username":"nox"} []
[2019-02-01 15:01:12] security.DEBUG: Stored the security token in the session. {"key":"_security_main"} []
[2019-02-01 15:01:12] php.CRITICAL: Uncaught Exception: The oauth authentication mode is not supported {"exception":"[object] (InvalidArgumentException(code: 0): The oauth authentication mode is not supported at C:\\wamp64\\www\\SpaProject\\vendor\\symfony\\swiftmailer-bundle\\DependencyInjection\\SwiftmailerTransportFactory.php:154)"} []
[2019-02-01 15:01:12] request.CRITICAL: Uncaught PHP Exception InvalidArgumentException: "The oauth authentication mode is not supported" at C:\wamp64\www\SpaProject\vendor\symfony\swiftmailer-bundle\DependencyInjection\SwiftmailerTransportFactory.php line 154 {"exception":"[object] (InvalidArgumentException(code: 0): The oauth authentication mode is not supported at C:\\wamp64\\www\\SpaProject\\vendor\\symfony\\swiftmailer-bundle\\DependencyInjection\\SwiftmailerTransportFactory.php:154)"} []
[2019-02-01 15:01:12] request.INFO: Matched route "contact". {"route":"contact","route_parameters":{"_route":"contact","_controller":"App\\Controller\\ContactController::contact"},"request_uri":"http://localhost:8000/contact","method":"GET"} []
[2019-02-01 15:01:12] security.DEBUG: Read existing security token from the session. {"key":"_security_main","token_class":"Symfony\\Component\\Security\\Core\\Authentication\\Token\\UsernamePasswordToken"} []
[2019-02-01 15:01:12] security.DEBUG: User was reloaded from a user provider. {"provider":"Symfony\\Bridge\\Doctrine\\Security\\User\\EntityUserProvider","username":"nox"} []
[2019-02-01 15:01:12] security.DEBUG: Stored the security token in the session. {"key":"_security_main"} []
[2019-02-01 15:01:12] php.CRITICAL: Uncaught Exception: The oauth authentication mode is not supported {"exception":"[object] (InvalidArgumentException(code: 0): The oauth authentication mode is not supported at C:\\wamp64\\www\\SpaProject\\vendor\\symfony\\swiftmailer-bundle\\DependencyInjection\\SwiftmailerTransportFactory.php:154)"} []
[2019-02-01 15:01:12] request.CRITICAL: Uncaught PHP Exception InvalidArgumentException: "The oauth authentication mode is not supported" at C:\wamp64\www\SpaProject\vendor\symfony\swiftmailer-bundle\DependencyInjection\SwiftmailerTransportFactory.php line 154 {"exception":"[object] (InvalidArgumentException(code: 0): The oauth authentication mode is not supported at C:\\wamp64\\www\\SpaProject\\vendor\\symfony\\swiftmailer-bundle\\DependencyInjection\\SwiftmailerTransportFactory.php:154)"} []
[2019-02-01 15:16:05] request.INFO: Matched route "admin". {"route":"admin","route_parameters":{"_route":"admin","_controller":"App\\Controller\\AdminController::index"},"request_uri":"http://localhost:8000/admin","method":"GET"} []
[2019-02-01 15:16:05] security.DEBUG: Read existing security token from the session. {"key":"_security_main","token_class":"Symfony\\Component\\Security\\Core\\Authentication\\Token\\UsernamePasswordToken"} []
[2019-02-01 15:16:05] security.DEBUG: User was reloaded from a user provider. {"provider":"Symfony\\Bridge\\Doctrine\\Security\\User\\EntityUserProvider","username":"nox"} []
[2019-02-01 15:16:05] request.CRITICAL: Uncaught PHP Exception InvalidArgumentException: "Controller "App\Controller\AdminController" does neither exist as service nor as class" at C:\wamp64\www\SpaProject\vendor\symfony\http-kernel\Controller\ContainerControllerResolver.php line 65 {"exception":"[object] (InvalidArgumentException(code: 0): Controller \"App\\Controller\\AdminController\" does neither exist as service nor as class at C:\\wamp64\\www\\SpaProject\\vendor\\symfony\\http-kernel\\Controller\\ContainerControllerResolver.php:65, Error(code: 0): Class 'App\\Controller\\AdminController' not found at C:\\wamp64\\www\\SpaProject\\vendor\\symfony\\http-kernel\\Controller\\ControllerResolver.php:133)"} []
[2019-02-01 15:16:05] security.DEBUG: Stored the security token in the session. {"key":"_security_main"} []
[2019-02-02 23:34:19] request.INFO: Matched route "contact". {"route":"contact","route_parameters":{"_route":"contact","_controller":"App\\Controller\\ContactController::contact"},"request_uri":"http://localhost:8000/contact","method":"GET"} []
[2019-02-02 23:34:19] security.DEBUG: Read existing security token from the session. {"key":"_security_main","token_class":"Symfony\\Component\\Security\\Core\\Authentication\\Token\\UsernamePasswordToken"} []
[2019-02-02 23:34:19] security.DEBUG: User was reloaded from a user provider. {"provider":"Symfony\\Bridge\\Doctrine\\Security\\User\\EntityUserProvider","username":"NadiaR"} []
[2019-02-02 23:34:19] security.DEBUG: Stored the security token in the session. {"key":"_security_main"} []
[2019-02-02 23:34:19] php.CRITICAL: Uncaught Exception: The oauth authentication mode is not supported {"exception":"[object] (InvalidArgumentException(code: 0): The oauth authentication mode is not supported at C:\\wamp64\\www\\SpaProject\\vendor\\symfony\\swiftmailer-bundle\\DependencyInjection\\SwiftmailerTransportFactory.php:154)"} []
[2019-02-02 23:34:19] request.CRITICAL: Uncaught PHP Exception InvalidArgumentException: "The oauth authentication mode is not supported" at C:\wamp64\www\SpaProject\vendor\symfony\swiftmailer-bundle\DependencyInjection\SwiftmailerTransportFactory.php line 154 {"exception":"[object] (InvalidArgumentException(code: 0): The oauth authentication mode is not supported at C:\\wamp64\\www\\SpaProject\\vendor\\symfony\\swiftmailer-bundle\\DependencyInjection\\SwiftmailerTransportFactory.php:154)"} []
[2019-02-02 23:36:07] request.INFO: Matched route "contact". {"route":"contact","route_parameters":{"_route":"contact","_controller":"App\\Controller\\ContactController::contact"},"request_uri":"http://localhost:8000/contact","method":"GET"} []
[2019-02-02 23:36:07] security.DEBUG: Read existing security token from the session. {"key":"_security_main","token_class":"Symfony\\Component\\Security\\Core\\Authentication\\Token\\UsernamePasswordToken"} []
[2019-02-02 23:36:07] security.DEBUG: User was reloaded from a user provider. {"provider":"Symfony\\Bridge\\Doctrine\\Security\\User\\EntityUserProvider","username":"NadiaR"} []
[2019-02-02 23:36:07] security.DEBUG: Stored the security token in the session. {"key":"_security_main"} []
[2019-02-02 23:36:07] php.CRITICAL: Uncaught Exception: The oauth authentication mode is not supported {"exception":"[object] (InvalidArgumentException(code: 0): The oauth authentication mode is not supported at C:\\wamp64\\www\\SpaProject\\vendor\\symfony\\swiftmailer-bundle\\DependencyInjection\\SwiftmailerTransportFactory.php:154)"} []
[2019-02-02 23:36:07] request.CRITICAL: Uncaught PHP Exception InvalidArgumentException: "The oauth authentication mode is not supported" at C:\wamp64\www\SpaProject\vendor\symfony\swiftmailer-bundle\DependencyInjection\SwiftmailerTransportFactory.php line 154 {"exception":"[object] (InvalidArgumentException(code: 0): The oauth authentication mode is not supported at C:\\wamp64\\www\\SpaProject\\vendor\\symfony\\swiftmailer-bundle\\DependencyInjection\\SwiftmailerTransportFactory.php:154)"} []
[2019-02-02 23:36:10] request.INFO: Matched route "contact". {"route":"contact","route_parameters":{"_route":"contact","_controller":"App\\Controller\\ContactController::contact"},"request_uri":"http://localhost:8000/contact","method":"GET"} []
[2019-02-02 23:36:10] security.DEBUG: Read existing security token from the session. {"key":"_security_main","token_class":"Symfony\\Component\\Security\\Core\\Authentication\\Token\\UsernamePasswordToken"} []
[2019-02-02 23:36:10] security.DEBUG: User was reloaded from a user provider. {"provider":"Symfony\\Bridge\\Doctrine\\Security\\User\\EntityUserProvider","username":"NadiaR"} []
[2019-02-02 23:36:10] security.DEBUG: Stored the security token in the session. {"key":"_security_main"} []
[2019-02-02 23:36:10] php.CRITICAL: Uncaught Exception: The oauth authentication mode is not supported {"exception":"[object] (InvalidArgumentException(code: 0): The oauth authentication mode is not supported at C:\\wamp64\\www\\SpaProject\\vendor\\symfony\\swiftmailer-bundle\\DependencyInjection\\SwiftmailerTransportFactory.php:154)"} []
[2019-02-02 23:36:10] request.CRITICAL: Uncaught PHP Exception InvalidArgumentException: "The oauth authentication mode is not supported" at C:\wamp64\www\SpaProject\vendor\symfony\swiftmailer-bundle\DependencyInjection\SwiftmailerTransportFactory.php line 154 {"exception":"[object] (InvalidArgumentException(code: 0): The oauth authentication mode is not supported at C:\\wamp64\\www\\SpaProject\\vendor\\symfony\\swiftmailer-bundle\\DependencyInjection\\SwiftmailerTransportFactory.php:154)"} []
[2019-02-02 23:38:36] request.INFO: Matched route "contact". {"route":"contact","route_parameters":{"_route":"contact","_controller":"App\\Controller\\ContactController::contact"},"request_uri":"http://localhost:8000/contact","method":"GET"} []
[2019-02-02 23:38:36] security.DEBUG: Read existing security token from the session. {"key":"_security_main","token_class":"Symfony\\Component\\Security\\Core\\Authentication\\Token\\UsernamePasswordToken"} []
[2019-02-02 23:38:36] security.DEBUG: User was reloaded from a user provider. {"provider":"Symfony\\Bridge\\Doctrine\\Security\\User\\EntityUserProvider","username":"NadiaR"} []
[2019-02-02 23:38:36] security.DEBUG: Stored the security token in the session. {"key":"_security_main"} []
[2019-02-02 23:38:36] php.CRITICAL: Uncaught Exception: The oauth authentication mode is not supported {"exception":"[object] (InvalidArgumentException(code: 0): The oauth authentication mode is not supported at C:\\wamp64\\www\\SpaProject\\vendor\\symfony\\swiftmailer-bundle\\DependencyInjection\\SwiftmailerTransportFactory.php:154)"} []
[2019-02-02 23:38:36] request.CRITICAL: Uncaught PHP Exception InvalidArgumentException: "The oauth authentication mode is not supported" at C:\wamp64\www\SpaProject\vendor\symfony\swiftmailer-bundle\DependencyInjection\SwiftmailerTransportFactory.php line 154 {"exception":"[object] (InvalidArgumentException(code: 0): The oauth authentication mode is not supported at C:\\wamp64\\www\\SpaProject\\vendor\\symfony\\swiftmailer-bundle\\DependencyInjection\\SwiftmailerTransportFactory.php:154)"} []
[2019-02-02 23:40:15] request.INFO: Matched route "contact". {"route":"contact","route_parameters":{"_route":"contact","_controller":"App\\Controller\\ContactController::contact"},"request_uri":"http://localhost:8000/contact","method":"GET"} []
[2019-02-02 23:40:15] security.DEBUG: Read existing security token from the session. {"key":"_security_main","token_class":"Symfony\\Component\\Security\\Core\\Authentication\\Token\\UsernamePasswordToken"} []
[2019-02-02 23:40:15] security.DEBUG: User was reloaded from a user provider. {"provider":"Symfony\\Bridge\\Doctrine\\Security\\User\\EntityUserProvider","username":"NadiaR"} []
[2019-02-02 23:40:15] security.DEBUG: Stored the security token in the session. {"key":"_security_main"} []
[2019-02-02 23:40:15] php.CRITICAL: Uncaught Exception: The oauth authentication mode is not supported {"exception":"[object] (InvalidArgumentException(code: 0): The oauth authentication mode is not supported at C:\\wamp64\\www\\SpaProject\\vendor\\symfony\\swiftmailer-bundle\\DependencyInjection\\SwiftmailerTransportFactory.php:154)"} []
[2019-02-02 23:40:15] request.CRITICAL: Uncaught PHP Exception InvalidArgumentException: "The oauth authentication mode is not supported" at C:\wamp64\www\SpaProject\vendor\symfony\swiftmailer-bundle\DependencyInjection\SwiftmailerTransportFactory.php line 154 {"exception":"[object] (InvalidArgumentException(code: 0): The oauth authentication mode is not supported at C:\\wamp64\\www\\SpaProject\\vendor\\symfony\\swiftmailer-bundle\\DependencyInjection\\SwiftmailerTransportFactory.php:154)"} []
[2019-02-02 23:41:08] request.INFO: Matched route "contact". {"route":"contact","route_parameters":{"_route":"contact","_controller":"App\\Controller\\ContactController::contact"},"request_uri":"http://localhost:8000/contact","method":"GET"} []
[2019-02-02 23:41:08] security.INFO: Populated the TokenStorage with an anonymous Token. [] []
[2019-02-02 23:41:08] php.CRITICAL: Uncaught Exception: The oauth authentication mode is not supported {"exception":"[object] (InvalidArgumentException(code: 0): The oauth authentication mode is not supported at C:\\wamp64\\www\\SpaProject\\vendor\\symfony\\swiftmailer-bundle\\DependencyInjection\\SwiftmailerTransportFactory.php:154)"} []
[2019-02-02 23:41:08] request.CRITICAL: Uncaught PHP Exception InvalidArgumentException: "The oauth authentication mode is not supported" at C:\wamp64\www\SpaProject\vendor\symfony\swiftmailer-bundle\DependencyInjection\SwiftmailerTransportFactory.php line 154 {"exception":"[object] (InvalidArgumentException(code: 0): The oauth authentication mode is not supported at C:\\wamp64\\www\\SpaProject\\vendor\\symfony\\swiftmailer-bundle\\DependencyInjection\\SwiftmailerTransportFactory.php:154)"} []
[2019-02-02 23:42:37] request.INFO: Matched route "contact". {"route":"contact","route_parameters":{"_route":"contact","_controller":"App\\Controller\\ContactController::contact"},"request_uri":"http://localhost:8000/contact","method":"GET"} []
[2019-02-02 23:42:37] security.DEBUG: Read existing security token from the session. {"key":"_security_main","token_class":"Symfony\\Component\\Security\\Core\\Authentication\\Token\\UsernamePasswordToken"} []
[2019-02-02 23:42:37] security.DEBUG: User was reloaded from a user provider. {"provider":"Symfony\\Bridge\\Doctrine\\Security\\User\\EntityUserProvider","username":"NadiaR"} []
[2019-02-02 23:42:37] security.DEBUG: Stored the security token in the session. {"key":"_security_main"} []
[2019-02-02 23:42:37] php.CRITICAL: Uncaught Exception: The oauth authentication mode is not supported {"exception":"[object] (InvalidArgumentException(code: 0): The oauth authentication mode is not supported at C:\\wamp64\\www\\SpaProject\\vendor\\symfony\\swiftmailer-bundle\\DependencyInjection\\SwiftmailerTransportFactory.php:154)"} []
[2019-02-02 23:42:37] request.CRITICAL: Uncaught PHP Exception InvalidArgumentException: "The oauth authentication mode is not supported" at C:\wamp64\www\SpaProject\vendor\symfony\swiftmailer-bundle\DependencyInjection\SwiftmailerTransportFactory.php line 154 {"exception":"[object] (InvalidArgumentException(code: 0): The oauth authentication mode is not supported at C:\\wamp64\\www\\SpaProject\\vendor\\symfony\\swiftmailer-bundle\\DependencyInjection\\SwiftmailerTransportFactory.php:154)"} []
[2019-02-02 23:48:05] request.INFO: Matched route "contact". {"route":"contact","route_parameters":{"_route":"contact","_controller":"App\\Controller\\ContactController::contact"},"request_uri":"http://localhost:8000/contact","method":"GET"} []
[2019-02-02 23:48:05] security.DEBUG: Read existing security token from the session. {"key":"_security_main","token_class":"Symfony\\Component\\Security\\Core\\Authentication\\Token\\UsernamePasswordToken"} []
[2019-02-02 23:48:05] security.DEBUG: User was reloaded from a user provider. {"provider":"Symfony\\Bridge\\Doctrine\\Security\\User\\EntityUserProvider","username":"NadiaR"} []
[2019-02-02 23:48:05] security.DEBUG: Stored the security token in the session. {"key":"_security_main"} []
[2019-02-02 23:48:05] php.CRITICAL: Uncaught Exception: The oauth authentication mode is not supported {"exception":"[object] (InvalidArgumentException(code: 0): The oauth authentication mode is not supported at C:\\wamp64\\www\\SpaProject\\vendor\\symfony\\swiftmailer-bundle\\DependencyInjection\\SwiftmailerTransportFactory.php:154)"} []
[2019-02-02 23:48:05] request.CRITICAL: Uncaught PHP Exception InvalidArgumentException: "The oauth authentication mode is not supported" at C:\wamp64\www\SpaProject\vendor\symfony\swiftmailer-bundle\DependencyInjection\SwiftmailerTransportFactory.php line 154 {"exception":"[object] (InvalidArgumentException(code: 0): The oauth authentication mode is not supported at C:\\wamp64\\www\\SpaProject\\vendor\\symfony\\swiftmailer-bundle\\DependencyInjection\\SwiftmailerTransportFactory.php:154)"} []
[2019-02-02 23:48:07] request.INFO: Matched route "contact". {"route":"contact","route_parameters":{"_route":"contact","_controller":"App\\Controller\\ContactController::contact"},"request_uri":"http://localhost:8000/contact","method":"GET"} []
[2019-02-02 23:48:07] security.DEBUG: Read existing security token from the session. {"key":"_security_main","token_class":"Symfony\\Component\\Security\\Core\\Authentication\\Token\\UsernamePasswordToken"} []
[2019-02-02 23:48:07] security.DEBUG: User was reloaded from a user provider. {"provider":"Symfony\\Bridge\\Doctrine\\Security\\User\\EntityUserProvider","username":"NadiaR"} []
[2019-02-02 23:48:07] security.DEBUG: Stored the security token in the session. {"key":"_security_main"} []
[2019-02-02 23:48:07] php.CRITICAL: Uncaught Exception: The oauth authentication mode is not supported {"exception":"[object] (InvalidArgumentException(code: 0): The oauth authentication mode is not supported at C:\\wamp64\\www\\SpaProject\\vendor\\symfony\\swiftmailer-bundle\\DependencyInjection\\SwiftmailerTransportFactory.php:154)"} []
[2019-02-02 23:48:07] request.CRITICAL: Uncaught PHP Exception InvalidArgumentException: "The oauth authentication mode is not supported" at C:\wamp64\www\SpaProject\vendor\symfony\swiftmailer-bundle\DependencyInjection\SwiftmailerTransportFactory.php line 154 {"exception":"[object] (InvalidArgumentException(code: 0): The oauth authentication mode is not supported at C:\\wamp64\\www\\SpaProject\\vendor\\symfony\\swiftmailer-bundle\\DependencyInjection\\SwiftmailerTransportFactory.php:154)"} []
[2019-02-02 23:52:25] request.INFO: Matched route "contact". {"route":"contact","route_parameters":{"_route":"contact","_controller":"App\\Controller\\ContactController::contact"},"request_uri":"http://localhost:8000/contact","method":"GET"} []
[2019-02-02 23:52:25] security.DEBUG: Read existing security token from the session. {"key":"_security_main","token_class":"Symfony\\Component\\Security\\Core\\Authentication\\Token\\UsernamePasswordToken"} []
[2019-02-02 23:52:25] security.DEBUG: User was reloaded from a user provider. {"provider":"Symfony\\Bridge\\Doctrine\\Security\\User\\EntityUserProvider","username":"NadiaR"} []
[2019-02-02 23:52:25] security.DEBUG: Stored the security token in the session. {"key":"_security_main"} []
[2019-02-02 23:52:25] php.CRITICAL: Uncaught Exception: The oauth authentication mode is not supported {"exception":"[object] (InvalidArgumentException(code: 0): The oauth authentication mode is not supported at C:\\wamp64\\www\\SpaProject\\vendor\\symfony\\swiftmailer-bundle\\DependencyInjection\\SwiftmailerTransportFactory.php:154)"} []
[2019-02-02 23:52:25] request.CRITICAL: Uncaught PHP Exception InvalidArgumentException: "The oauth authentication mode is not supported" at C:\wamp64\www\SpaProject\vendor\symfony\swiftmailer-bundle\DependencyInjection\SwiftmailerTransportFactory.php line 154 {"exception":"[object] (InvalidArgumentException(code: 0): The oauth authentication mode is not supported at C:\\wamp64\\www\\SpaProject\\vendor\\symfony\\swiftmailer-bundle\\DependencyInjection\\SwiftmailerTransportFactory.php:154)"} []
[2019-02-02 23:57:42] request.INFO: Matched route "contact". {"route":"contact","route_parameters":{"_route":"contact","_controller":"App\\Controller\\ContactController::contact"},"request_uri":"http://localhost:8000/contact","method":"GET"} []
[2019-02-02 23:57:42] security.DEBUG: Read existing security token from the session. {"key":"_security_main","token_class":"Symfony\\Component\\Security\\Core\\Authentication\\Token\\UsernamePasswordToken"} []
[2019-02-02 23:57:42] security.DEBUG: User was reloaded from a user provider. {"provider":"Symfony\\Bridge\\Doctrine\\Security\\User\\EntityUserProvider","username":"NadiaR"} []
[2019-02-02 23:57:42] security.DEBUG: Stored the security token in the session. {"key":"_security_main"} []
[2019-02-02 23:57:42] php.CRITICAL: Uncaught Exception: The oauth authentication mode is not supported {"exception":"[object] (InvalidArgumentException(code: 0): The oauth authentication mode is not supported at C:\\wamp64\\www\\SpaProject\\vendor\\symfony\\swiftmailer-bundle\\DependencyInjection\\SwiftmailerTransportFactory.php:154)"} []
[2019-02-02 23:57:42] request.CRITICAL: Uncaught PHP Exception InvalidArgumentException: "The oauth authentication mode is not supported" at C:\wamp64\www\SpaProject\vendor\symfony\swiftmailer-bundle\DependencyInjection\SwiftmailerTransportFactory.php line 154 {"exception":"[object] (InvalidArgumentException(code: 0): The oauth authentication mode is not supported at C:\\wamp64\\www\\SpaProject\\vendor\\symfony\\swiftmailer-bundle\\DependencyInjection\\SwiftmailerTransportFactory.php:154)"} []
[2019-02-02 23:59:35] request.INFO: Matched route "contact". {"route":"contact","route_parameters":{"_route":"contact","_controller":"App\\Controller\\ContactController::contact"},"request_uri":"http://localhost:8000/contact","method":"GET"} []
[2019-02-02 23:59:35] security.DEBUG: Read existing security token from the session. {"key":"_security_main","token_class":"Symfony\\Component\\Security\\Core\\Authentication\\Token\\UsernamePasswordToken"} []
[2019-02-02 23:59:35] security.DEBUG: User was reloaded from a user provider. {"provider":"Symfony\\Bridge\\Doctrine\\Security\\User\\EntityUserProvider","username":"NadiaR"} []
[2019-02-02 23:59:36] security.DEBUG: Stored the security token in the session. {"key":"_security_main"} []
[2019-02-02 23:59:36] php.CRITICAL: Uncaught Exception: The oauth authentication mode is not supported {"exception":"[object] (InvalidArgumentException(code: 0): The oauth authentication mode is not supported at C:\\wamp64\\www\\SpaProject\\vendor\\symfony\\swiftmailer-bundle\\DependencyInjection\\SwiftmailerTransportFactory.php:154)"} []
[2019-02-02 23:59:36] request.CRITICAL: Uncaught PHP Exception InvalidArgumentException: "The oauth authentication mode is not supported" at C:\wamp64\www\SpaProject\vendor\symfony\swiftmailer-bundle\DependencyInjection\SwiftmailerTransportFactory.php line 154 {"exception":"[object] (InvalidArgumentException(code: 0): The oauth authentication mode is not supported at C:\\wamp64\\www\\SpaProject\\vendor\\symfony\\swiftmailer-bundle\\DependencyInjection\\SwiftmailerTransportFactory.php:154)"} []
[2019-02-03 00:03:21] request.INFO: Matched route "contact". {"route":"contact","route_parameters":{"_route":"contact","_controller":"App\\Controller\\ContactController::contact"},"request_uri":"http://localhost:8000/contact","method":"GET"} []
[2019-02-03 00:03:21] security.INFO: Populated the TokenStorage with an anonymous Token. [] []
[2019-02-03 00:03:21] php.CRITICAL: Uncaught Exception: The oauth authentication mode is not supported {"exception":"[object] (InvalidArgumentException(code: 0): The oauth authentication mode is not supported at C:\\wamp64\\www\\SpaProject\\vendor\\symfony\\swiftmailer-bundle\\DependencyInjection\\SwiftmailerTransportFactory.php:154)"} []
[2019-02-03 00:03:21] request.CRITICAL: Uncaught PHP Exception InvalidArgumentException: "The oauth authentication mode is not supported" at C:\wamp64\www\SpaProject\vendor\symfony\swiftmailer-bundle\DependencyInjection\SwiftmailerTransportFactory.php line 154 {"exception":"[object] (InvalidArgumentException(code: 0): The oauth authentication mode is not supported at C:\\wamp64\\www\\SpaProject\\vendor\\symfony\\swiftmailer-bundle\\DependencyInjection\\SwiftmailerTransportFactory.php:154)"} []
[2019-02-03 00:06:06] request.INFO: Matched route "contact". {"route":"contact","route_parameters":{"_route":"contact","_controller":"App\\Controller\\ContactController::contact"},"request_uri":"http://localhost:8000/contact","method":"POST"} []
[2019-02-03 00:06:06] security.INFO: Populated the TokenStorage with an anonymous Token. [] []
[2019-02-03 00:06:07] php.CRITICAL: Uncaught Exception: The oauth authentication mode is not supported {"exception":"[object] (InvalidArgumentException(code: 0): The oauth authentication mode is not supported at C:\\wamp64\\www\\SpaProject\\vendor\\symfony\\swiftmailer-bundle\\DependencyInjection\\SwiftmailerTransportFactory.php:154)"} []
[2019-02-03 00:06:07] request.CRITICAL: Uncaught PHP Exception InvalidArgumentException: "The oauth authentication mode is not supported" at C:\wamp64\www\SpaProject\vendor\symfony\swiftmailer-bundle\DependencyInjection\SwiftmailerTransportFactory.php line 154 {"exception":"[object] (InvalidArgumentException(code: 0): The oauth authentication mode is not supported at C:\\wamp64\\www\\SpaProject\\vendor\\symfony\\swiftmailer-bundle\\DependencyInjection\\SwiftmailerTransportFactory.php:154)"} []
[2019-02-03 00:06:11] request.INFO: Matched route "contact". {"route":"contact","route_parameters":{"_route":"contact","_controller":"App\\Controller\\ContactController::contact"},"request_uri":"http://localhost:8000/contact","method":"GET"} []
[2019-02-03 00:06:11] security.INFO: Populated the TokenStorage with an anonymous Token. [] []
[2019-02-03 00:06:11] php.CRITICAL: Uncaught Exception: The oauth authentication mode is not supported {"exception":"[object] (InvalidArgumentException(code: 0): The oauth authentication mode is not supported at C:\\wamp64\\www\\SpaProject\\vendor\\symfony\\swiftmailer-bundle\\DependencyInjection\\SwiftmailerTransportFactory.php:154)"} []
[2019-02-03 00:06:11] request.CRITICAL: Uncaught PHP Exception InvalidArgumentException: "The oauth authentication mode is not supported" at C:\wamp64\www\SpaProject\vendor\symfony\swiftmailer-bundle\DependencyInjection\SwiftmailerTransportFactory.php line 154 {"exception":"[object] (InvalidArgumentException(code: 0): The oauth authentication mode is not supported at C:\\wamp64\\www\\SpaProject\\vendor\\symfony\\swiftmailer-bundle\\DependencyInjection\\SwiftmailerTransportFactory.php:154)"} []
[2019-02-03 00:06:27] request.INFO: Matched route "contact". {"route":"contact","route_parameters":{"_route":"contact","_controller":"App\\Controller\\ContactController::contact"},"request_uri":"http://localhost:8000/contact","method":"GET"} []
[2019-02-03 00:06:27] security.INFO: Populated the TokenStorage with an anonymous Token. [] []
[2019-02-03 00:06:28] php.CRITICAL: Uncaught Exception: The oauth authentication mode is not supported {"exception":"[object] (InvalidArgumentException(code: 0): The oauth authentication mode is not supported at C:\\wamp64\\www\\SpaProject\\vendor\\symfony\\swiftmailer-bundle\\DependencyInjection\\SwiftmailerTransportFactory.php:154)"} []
[2019-02-03 00:06:28] request.CRITICAL: Uncaught PHP Exception InvalidArgumentException: "The oauth authentication mode is not supported" at C:\wamp64\www\SpaProject\vendor\symfony\swiftmailer-bundle\DependencyInjection\SwiftmailerTransportFactory.php line 154 {"exception":"[object] (InvalidArgumentException(code: 0): The oauth authentication mode is not supported at C:\\wamp64\\www\\SpaProject\\vendor\\symfony\\swiftmailer-bundle\\DependencyInjection\\SwiftmailerTransportFactory.php:154)"} []
[2019-02-03 00:06:29] request.INFO: Matched route "contact". {"route":"contact","route_parameters":{"_route":"contact","_controller":"App\\Controller\\ContactController::contact"},"request_uri":"http://localhost:8000/contact","method":"GET"} []
[2019-02-03 00:06:29] security.INFO: Populated the TokenStorage with an anonymous Token. [] []
[2019-02-03 00:06:29] php.CRITICAL: Uncaught Exception: The oauth authentication mode is not supported {"exception":"[object] (InvalidArgumentException(code: 0): The oauth authentication mode is not supported at C:\\wamp64\\www\\SpaProject\\vendor\\symfony\\swiftmailer-bundle\\DependencyInjection\\SwiftmailerTransportFactory.php:154)"} []
[2019-02-03 00:06:29] request.CRITICAL: Uncaught PHP Exception InvalidArgumentException: "The oauth authentication mode is not supported" at C:\wamp64\www\SpaProject\vendor\symfony\swiftmailer-bundle\DependencyInjection\SwiftmailerTransportFactory.php line 154 {"exception":"[object] (InvalidArgumentException(code: 0): The oauth authentication mode is not supported at C:\\wamp64\\www\\SpaProject\\vendor\\symfony\\swiftmailer-bundle\\DependencyInjection\\SwiftmailerTransportFactory.php:154)"} []
[2019-02-03 00:13:11] request.INFO: Matched route "contact". {"route":"contact","route_parameters":{"_route":"contact","_controller":"App\\Controller\\ContactController::contact"},"request_uri":"http://localhost:8000/contact","method":"GET"} []
[2019-02-03 00:13:12] security.INFO: Populated the TokenStorage with an anonymous Token. [] []
[2019-02-03 00:13:12] php.CRITICAL: Uncaught Exception: The oauth authentication mode is not supported {"exception":"[object] (InvalidArgumentException(code: 0): The oauth authentication mode is not supported at C:\\wamp64\\www\\SpaProject\\vendor\\symfony\\swiftmailer-bundle\\DependencyInjection\\SwiftmailerTransportFactory.php:154)"} []
[2019-02-03 00:13:12] request.CRITICAL: Uncaught PHP Exception InvalidArgumentException: "The oauth authentication mode is not supported" at C:\wamp64\www\SpaProject\vendor\symfony\swiftmailer-bundle\DependencyInjection\SwiftmailerTransportFactory.php line 154 {"exception":"[object] (InvalidArgumentException(code: 0): The oauth authentication mode is not supported at C:\\wamp64\\www\\SpaProject\\vendor\\symfony\\swiftmailer-bundle\\DependencyInjection\\SwiftmailerTransportFactory.php:154)"} []
[2019-02-03 01:01:06] request.INFO: Matched route "contact". {"route":"contact","route_parameters":{"_route":"contact","_controller":"App\\Controller\\ContactController::contact"},"request_uri":"http://localhost:8000/contact","method":"GET"} []
[2019-02-03 01:01:06] security.INFO: Populated the TokenStorage with an anonymous Token. [] []
[2019-02-03 01:01:07] php.CRITICAL: Uncaught Exception: The oauth authentication mode is not supported {"exception":"[object] (InvalidArgumentException(code: 0): The oauth authentication mode is not supported at C:\\wamp64\\www\\SpaProject\\vendor\\symfony\\swiftmailer-bundle\\DependencyInjection\\SwiftmailerTransportFactory.php:154)"} []
[2019-02-03 01:01:07] request.CRITICAL: Uncaught PHP Exception InvalidArgumentException: "The oauth authentication mode is not supported" at C:\wamp64\www\SpaProject\vendor\symfony\swiftmailer-bundle\DependencyInjection\SwiftmailerTransportFactory.php line 154 {"exception":"[object] (InvalidArgumentException(code: 0): The oauth authentication mode is not supported at C:\\wamp64\\www\\SpaProject\\vendor\\symfony\\swiftmailer-bundle\\DependencyInjection\\SwiftmailerTransportFactory.php:154)"} []
[2019-02-03 01:07:15] request.INFO: Matched route "contact". {"route":"contact","route_parameters":{"_route":"contact","_controller":"App\\Controller\\ContactController::contact"},"request_uri":"http://localhost:8000/contact","method":"POST"} []
[2019-02-03 01:07:15] security.INFO: Populated the TokenStorage with an anonymous Token. [] []
[2019-02-03 01:07:15] php.CRITICAL: Uncaught Exception: The oauth authentication mode is not supported {"exception":"[object] (InvalidArgumentException(code: 0): The oauth authentication mode is not supported at C:\\wamp64\\www\\SpaProject\\vendor\\symfony\\swiftmailer-bundle\\DependencyInjection\\SwiftmailerTransportFactory.php:154)"} []
[2019-02-03 01:07:15] request.CRITICAL: Uncaught PHP Exception InvalidArgumentException: "The oauth authentication mode is not supported" at C:\wamp64\www\SpaProject\vendor\symfony\swiftmailer-bundle\DependencyInjection\SwiftmailerTransportFactory.php line 154 {"exception":"[object] (InvalidArgumentException(code: 0): The oauth authentication mode is not supported at C:\\wamp64\\www\\SpaProject\\vendor\\symfony\\swiftmailer-bundle\\DependencyInjection\\SwiftmailerTransportFactory.php:154)"} []
[2019-02-03 01:09:43] request.INFO: Matched route "contact". {"route":"contact","route_parameters":{"_route":"contact","_controller":"App\\Controller\\ContactController::contact"},"request_uri":"http://localhost:8000/contact","method":"POST"} []
[2019-02-03 01:09:43] security.INFO: Populated the TokenStorage with an anonymous Token. [] []
[2019-02-03 01:09:43] php.CRITICAL: Uncaught Exception: The oauth authentication mode is not supported {"exception":"[object] (InvalidArgumentException(code: 0): The oauth authentication mode is not supported at C:\\wamp64\\www\\SpaProject\\vendor\\symfony\\swiftmailer-bundle\\DependencyInjection\\SwiftmailerTransportFactory.php:154)"} []
[2019-02-03 01:09:43] request.CRITICAL: Uncaught PHP Exception InvalidArgumentException: "The oauth authentication mode is not supported" at C:\wamp64\www\SpaProject\vendor\symfony\swiftmailer-bundle\DependencyInjection\SwiftmailerTransportFactory.php line 154 {"exception":"[object] (InvalidArgumentException(code: 0): The oauth authentication mode is not supported at C:\\wamp64\\www\\SpaProject\\vendor\\symfony\\swiftmailer-bundle\\DependencyInjection\\SwiftmailerTransportFactory.php:154)"} []
[2019-02-03 01:16:11] request.INFO: Matched route "contact". {"route":"contact","route_parameters":{"_route":"contact","_controller":"App\\Controller\\ContactController::contact"},"request_uri":"http://localhost:8000/contact","method":"POST"} []
[2019-02-03 01:16:11] security.INFO: Populated the TokenStorage with an anonymous Token. [] []
[2019-02-03 01:16:11] php.CRITICAL: Uncaught Exception: The oauth authentication mode is not supported {"exception":"[object] (InvalidArgumentException(code: 0): The oauth authentication mode is not supported at C:\\wamp64\\www\\SpaProject\\vendor\\symfony\\swiftmailer-bundle\\DependencyInjection\\SwiftmailerTransportFactory.php:154)"} []
[2019-02-03 01:16:11] request.CRITICAL: Uncaught PHP Exception InvalidArgumentException: "The oauth authentication mode is not supported" at C:\wamp64\www\SpaProject\vendor\symfony\swiftmailer-bundle\DependencyInjection\SwiftmailerTransportFactory.php line 154 {"exception":"[object] (InvalidArgumentException(code: 0): The oauth authentication mode is not supported at C:\\wamp64\\www\\SpaProject\\vendor\\symfony\\swiftmailer-bundle\\DependencyInjection\\SwiftmailerTransportFactory.php:154)"} []
[2019-02-03 01:19:27] request.INFO: Matched route "contact". {"route":"contact","route_parameters":{"_route":"contact","_controller":"App\\Controller\\ContactController::contact"},"request_uri":"http://localhost:8000/contact","method":"POST"} []
[2019-02-03 01:19:27] security.INFO: Populated the TokenStorage with an anonymous Token. [] []
[2019-02-03 01:19:28] php.CRITICAL: Uncaught Exception: The oauth authentication mode is not supported {"exception":"[object] (InvalidArgumentException(code: 0): The oauth authentication mode is not supported at C:\\wamp64\\www\\SpaProject\\vendor\\symfony\\swiftmailer-bundle\\DependencyInjection\\SwiftmailerTransportFactory.php:154)"} []
[2019-02-03 01:19:28] request.CRITICAL: Uncaught PHP Exception InvalidArgumentException: "The oauth authentication mode is not supported" at C:\wamp64\www\SpaProject\vendor\symfony\swiftmailer-bundle\DependencyInjection\SwiftmailerTransportFactory.php line 154 {"exception":"[object] (InvalidArgumentException(code: 0): The oauth authentication mode is not supported at C:\\wamp64\\www\\SpaProject\\vendor\\symfony\\swiftmailer-bundle\\DependencyInjection\\SwiftmailerTransportFactory.php:154)"} []
[2019-02-03 02:35:03] request.INFO: Matched route "admin". {"route":"admin","route_parameters":{"_route":"admin","_controller":"App\\Controller\\AdminController::index"},"request_uri":"http://localhost:8000/admin","method":"GET"} []
[2019-02-03 02:35:03] security.DEBUG: Read existing security token from the session. {"key":"_security_main","token_class":"Symfony\\Component\\Security\\Core\\Authentication\\Token\\UsernamePasswordToken"} []
[2019-02-03 02:35:04] security.DEBUG: User was reloaded from a user provider. {"provider":"Symfony\\Bridge\\Doctrine\\Security\\User\\EntityUserProvider","username":"nox"} []
[2019-02-03 02:35:04] request.CRITICAL: Uncaught PHP Exception InvalidArgumentException: "The controller for URI "/admin" is not callable. Expected method "index" on class "App\Controller\AdminController". Available methods: "setContainer", "getSubscribedServices"." at C:\wamp64\www\SpaProject\vendor\symfony\http-kernel\Controller\ControllerResolver.php line 88 {"exception":"[object] (InvalidArgumentException(code: 0): The controller for URI \"/admin\" is not callable. Expected method \"index\" on class \"App\\Controller\\AdminController\". Available methods: \"setContainer\", \"getSubscribedServices\". at C:\\wamp64\\www\\SpaProject\\vendor\\symfony\\http-kernel\\Controller\\ControllerResolver.php:88)"} []
[2019-02-03 02:35:04] security.DEBUG: Stored the security token in the session. {"key":"_security_main"} []
